2023-02-27T09:57:33.736+05:30  INFO 18240 --- [restartedMain] com.lti.hokart.HokartApplication         : Starting HokartApplication using Java 19.0.2 with PID 18240 (D:\Training\Java Advanced\hokart\target\classes started by 10715879 in D:\Training\Java Advanced\hokart)
2023-02-27T09:57:33.740+05:30  INFO 18240 --- [restartedMain] com.lti.hokart.HokartApplication         : No active profile set, falling back to 1 default profile: "default"
2023-02-27T09:57:33.801+05:30  INFO 18240 --- [restartedMain] .e.DevToolsPropertyDefaultsPostProcessor : Devtools property defaults active! Set 'spring.devtools.add-properties' to 'false' to disable
2023-02-27T09:57:33.802+05:30  INFO 18240 --- [restartedMain] .e.DevToolsPropertyDefaultsPostProcessor : For additional web related logging consider setting the 'logging.level.web' property to 'DEBUG'
2023-02-27T09:57:34.567+05:30  INFO 18240 --- [restartedMain] .s.d.r.c.RepositoryConfigurationDelegate : Bootstrapping Spring Data JPA repositories in DEFAULT mode.
2023-02-27T09:57:34.651+05:30  INFO 18240 --- [restartedMain] .s.d.r.c.RepositoryConfigurationDelegate : Finished Spring Data repository scanning in 68 ms. Found 2 JPA repository interfaces.
2023-02-27T09:57:36.507+05:30  INFO 18240 --- [restartedMain] o.s.b.w.embedded.tomcat.TomcatWebServer  : Tomcat initialized with port(s): 8069 (http)
2023-02-27T09:57:36.520+05:30  INFO 18240 --- [restartedMain] o.apache.catalina.core.StandardService   : Starting service [Tomcat]
2023-02-27T09:57:36.520+05:30  INFO 18240 --- [restartedMain] o.apache.catalina.core.StandardEngine    : Starting Servlet engine: [Apache Tomcat/10.1.5]
2023-02-27T09:57:36.594+05:30  INFO 18240 --- [restartedMain] o.a.c.c.C.[Tomcat].[localhost].[/api]    : Initializing Spring embedded WebApplicationContext
2023-02-27T09:57:36.594+05:30  INFO 18240 --- [restartedMain] w.s.c.ServletWebServerApplicationContext : Root WebApplicationContext: initialization completed in 2792 ms
2023-02-27T09:57:36.772+05:30  INFO 18240 --- [restartedMain] o.hibernate.jpa.internal.util.LogHelper  : HHH000204: Processing PersistenceUnitInfo [name: default]
2023-02-27T09:57:36.861+05:30  INFO 18240 --- [restartedMain] org.hibernate.Version                    : HHH000412: Hibernate ORM core version 6.1.6.Final
2023-02-27T09:57:37.094+05:30  WARN 18240 --- [restartedMain] org.hibernate.orm.deprecation            : HHH90000021: Encountered deprecated setting [javax.persistence.sharedCache.mode], use [jakarta.persistence.sharedCache.mode] instead
2023-02-27T09:57:37.248+05:30  INFO 18240 --- [restartedMain] com.zaxxer.hikari.HikariDataSource       : HikariPool-1 - Starting...
2023-02-27T09:57:37.716+05:30  INFO 18240 --- [restartedMain] com.zaxxer.hikari.pool.HikariPool        : HikariPool-1 - Added connection com.mysql.cj.jdbc.ConnectionImpl@160a0b77
2023-02-27T09:57:37.719+05:30  INFO 18240 --- [restartedMain] com.zaxxer.hikari.HikariDataSource       : HikariPool-1 - Start completed.
2023-02-27T09:57:37.814+05:30  INFO 18240 --- [restartedMain] SQL dialect                              : HHH000400: Using dialect: org.hibernate.dialect.MySQLDialect
2023-02-27T09:57:38.992+05:30  INFO 18240 --- [restartedMain] o.h.e.t.j.p.i.JtaPlatformInitiator       : HHH000490: Using JtaPlatform implementation: [org.hibernate.engine.transaction.jta.platform.internal.NoJtaPlatform]
2023-02-27T09:57:39.003+05:30  INFO 18240 --- [restartedMain] j.LocalContainerEntityManagerFactoryBean : Initialized JPA EntityManagerFactory for persistence unit 'default'
2023-02-27T09:57:39.194+05:30  WARN 18240 --- [restartedMain] JpaBaseConfiguration$JpaWebConfiguration : spring.jpa.open-in-view is enabled by default. Therefore, database queries may be performed during view rendering. Explicitly configure spring.jpa.open-in-view to disable this warning
2023-02-27T09:57:40.761+05:30  INFO 18240 --- [restartedMain] o.s.b.d.a.OptionalLiveReloadServer       : LiveReload server is running on port 35729
2023-02-27T09:57:40.805+05:30  INFO 18240 --- [restartedMain] o.s.b.w.embedded.tomcat.TomcatWebServer  : Tomcat started on port(s): 8069 (http) with context path '/api'
2023-02-27T09:57:40.817+05:30  INFO 18240 --- [restartedMain] com.lti.hokart.HokartApplication         : Started HokartApplication in 7.668 seconds (process running for 9.401)
